<?xml version="1.0" encoding="utf-8"?><testsuites name="pytest tests"><testsuite name="pytest" errors="0" failures="0" skipped="0" tests="65" time="0.101" timestamp="2026-09-14T12:28:43.460681+08:00" hostname="DESKTOP-FCRK3F2"><testcase classname=".scratch.corpus-evidence-pipeline.test_p1_planner_spec" name="test_lossless_cases[parallel_explicit]" time="0.001" /><testcase classname=".scratch.corpus-evidence-pipeline.test_p1_planner_spec" name="test_lossless_cases[parallel_ambiguous]" time="0.001" /><testcase classname=".scratch.corpus-evidence-pipeline.test_p1_planner_spec" name="test_lossless_cases[nested_condition]" time="0.001" /><testcase classname=".scratch.corpus-evidence-pipeline.test_p1_planner_spec" name="test_lossless_cases[condition_across_clauses]" time="0.001" /><testcase classname=".scratch.corpus-evidence-pipeline.test_p1_planner_spec" name="test_lossless_cases[qa_cross_packet]" time="0.001" /><testcase classname=".scratch.corpus-evidence-pipeline.test_p1_planner_spec" name="test_lossless_cases[qa_elliptical]" time="0.001" /><testcase classname=".scratch.corpus-evidence-pipeline.test_p1_planner_spec" name="test_lossless_cases[negation]" time="0.001" /><testcase classname=".scratch.corpus-evidence-pipeline.test_p1_planner_spec" name="test_lossless_cases[negation_quoted]" time="0.001" /><testcase classname=".scratch.corpus-evidence-pipeline.test_p1_planner_spec" name="test_lossless_cases[anonymous_turns]" time="0.001" /><testcase classname=".scratch.corpus-evidence-pipeline.test_p1_planner_spec" name="test_lossless_cases[anonymous_referent]" time="0.001" /><testcase classname=".scratch.corpus-evidence-pipeline.test_p1_planner_spec" name="test_lossless_cases[greeting]" time="0.001" /><testcase classname=".scratch.corpus-evidence-pipeline.test_p1_planner_spec" name="test_lossless_cases[greeting_plus_forecast]" time="0.001" /><testcase classname=".scratch.corpus-evidence-pipeline.test_p1_planner_spec" name="test_each_case_rejects_deleted_leaf[parallel_explicit]" time="0.001" /><testcase classname=".scratch.corpus-evidence-pipeline.test_p1_planner_spec" name="test_each_case_rejects_deleted_leaf[parallel_ambiguous]" time="0.001" /><testcase classname=".scratch.corpus-evidence-pipeline.test_p1_planner_spec" name="test_each_case_rejects_deleted_leaf[nested_condition]" time="0.001" /><testcase classname=".scratch.corpus-evidence-pipeline.test_p1_planner_spec" name="test_each_case_rejects_deleted_leaf[condition_across_clauses]" time="0.001" /><testcase classname=".scratch.corpus-evidence-pipeline.test_p1_planner_spec" name="test_each_case_rejects_deleted_leaf[qa_cross_packet]" time="0.001" /><testcase classname=".scratch.corpus-evidence-pipeline.test_p1_planner_spec" name="test_each_case_rejects_deleted_leaf[qa_elliptical]" time="0.001" /><testcase classname=".scratch.corpus-evidence-pipeline.test_p1_planner_spec" name="test_each_case_rejects_deleted_leaf[negation]" time="0.001" /><testcase classname=".scratch.corpus-evidence-pipeline.test_p1_planner_spec" name="test_each_case_rejects_deleted_leaf[negation_quoted]" time="0.001" /><testcase classname=".scratch.corpus-evidence-pipeline.test_p1_planner_spec" name="test_each_case_rejects_deleted_leaf[anonymous_turns]" time="0.001" /><testcase classname=".scratch.corpus-evidence-pipeline.test_p1_planner_spec" name="test_each_case_rejects_deleted_leaf[anonymous_referent]" time="0.001" /><testcase classname=".scratch.corpus-evidence-pipeline.test_p1_planner_spec" name="test_each_case_rejects_deleted_leaf[greeting]" time="0.001" /><testcase classname=".scratch.corpus-evidence-pipeline.test_p1_planner_spec" name="test_each_case_rejects_deleted_leaf[greeting_plus_forecast]" time="0.001" /><testcase classname=".scratch.corpus-evidence-pipeline.test_p1_planner_spec" name="test_cross_packet_context_is_reference_not_fake_quote_or_relation" time="0.000" /><testcase classname=".scratch.corpus-evidence-pipeline.test_p1_planner_spec" name="test_repeated_quote_unicode_coordinates_and_subscope" time="0.000" /><testcase classname=".scratch.corpus-evidence-pipeline.test_p1_planner_spec" name="test_wrong_evidence_rejected[source_rev-wrong]" time="0.000" /><testcase classname=".scratch.corpus-evidence-pipeline.test_p1_planner_spec" name="test_wrong_evidence_rejected[parse_rev-wrong]" time="0.001" /><testcase classname=".scratch.corpus-evidence-pipeline.test_p1_planner_spec" name="test_wrong_evidence_rejected[packet_id-missing]" time="0.000" /><testcase classname=".scratch.corpus-evidence-pipeline.test_p1_planner_spec" name="test_wrong_evidence_rejected[locator-wrong]" time="0.000" /><testcase classname=".scratch.corpus-evidence-pipeline.test_p1_planner_spec" name="test_wrong_evidence_rejected[start--1]" time="0.001" /><testcase classname=".scratch.corpus-evidence-pipeline.test_p1_planner_spec" name="test_wrong_evidence_rejected[end-500]" time="0.001" /><testcase classname=".scratch.corpus-evidence-pipeline.test_p1_planner_spec" name="test_wrong_evidence_rejected[start-True]" time="0.001" /><testcase classname=".scratch.corpus-evidence-pipeline.test_p1_planner_spec" name="test_wrong_evidence_rejected[text_sha256-wrong]" time="0.001" /><testcase classname=".scratch.corpus-evidence-pipeline.test_p1_planner_spec" name="test_wrong_evidence_rejected[span_id-wrong]" time="0.001" /><testcase classname=".scratch.corpus-evidence-pipeline.test_p1_planner_spec" name="test_source_drift_rejected[negation]" time="0.001" /><testcase classname=".scratch.corpus-evidence-pipeline.test_p1_planner_spec" name="test_source_drift_rejected[condition]" time="0.000" /><testcase classname=".scratch.corpus-evidence-pipeline.test_p1_planner_spec" name="test_source_drift_rejected[source_rev]" time="0.000" /><testcase classname=".scratch.corpus-evidence-pipeline.test_p1_planner_spec" name="test_source_drift_rejected[parse_rev]" time="0.000" /><testcase classname=".scratch.corpus-evidence-pipeline.test_p1_planner_spec" name="test_source_drift_rejected[run]" time="0.000" /><testcase classname=".scratch.corpus-evidence-pipeline.test_p1_planner_spec" name="test_invalid_scope[scopes0]" time="0.000" /><testcase classname=".scratch.corpus-evidence-pipeline.test_p1_planner_spec" name="test_invalid_scope[scopes1]" time="0.000" /><testcase classname=".scratch.corpus-evidence-pipeline.test_p1_planner_spec" name="test_invalid_scope[scopes2]" time="0.000" /><testcase classname=".scratch.corpus-evidence-pipeline.test_p1_planner_spec" name="test_invalid_scope[scopes3]" time="0.000" /><testcase classname=".scratch.corpus-evidence-pipeline.test_p1_planner_spec" name="test_invalid_scope[scopes4]" time="0.000" /><testcase classname=".scratch.corpus-evidence-pipeline.test_p1_planner_spec" name="test_invalid_scope[scopes5]" time="0.000" /><testcase classname=".scratch.corpus-evidence-pipeline.test_p1_planner_spec" name="test_invalid_scope[scopes6]" time="0.000" /><testcase classname=".scratch.corpus-evidence-pipeline.test_p1_planner_spec" name="test_capacity_fails_without_truncation[limits0-root_capacity]" time="0.000" /><testcase classname=".scratch.corpus-evidence-pipeline.test_p1_planner_spec" name="test_capacity_fails_without_truncation[limits1-child_capacity]" time="0.000" /><testcase classname=".scratch.corpus-evidence-pipeline.test_p1_planner_spec" name="test_capacity_fails_without_truncation[limits2-obligation_capacity]" time="0.000" /><testcase classname=".scratch.corpus-evidence-pipeline.test_p1_planner_spec" name="test_capacity_fails_without_truncation[limits3-root_chars_capacity]" time="0.000" /><testcase classname=".scratch.corpus-evidence-pipeline.test_p1_planner_spec" name="test_capacity_fails_without_truncation[limits4-total_chars_capacity]" time="0.000" /><testcase classname=".scratch.corpus-evidence-pipeline.test_p1_planner_spec" name="test_capacity_fails_without_truncation[limits5-depth]" time="0.000" /><testcase classname=".scratch.corpus-evidence-pipeline.test_p1_planner_spec" name="test_capacity_fails_without_truncation[limits6-limits]" time="0.000" /><testcase classname=".scratch.corpus-evidence-pipeline.test_p1_planner_spec" name="test_exact_capacity_and_determinism" time="0.001" /><testcase classname=".scratch.corpus-evidence-pipeline.test_p1_planner_spec" name="test_unsupported_and_blank_are_not_discarded[table-available-\u7532 100 \u5143]" time="0.000" /><testcase classname=".scratch.corpus-evidence-pipeline.test_p1_planner_spec" name="test_unsupported_and_blank_are_not_discarded[prose-unknown-\u7f3a\u5b57]" time="0.000" /><testcase classname=".scratch.corpus-evidence-pipeline.test_p1_planner_spec" name="test_unsupported_and_blank_are_not_discarded[prose-available- \n ]" time="0.000" /><testcase classname=".scratch.corpus-evidence-pipeline.test_p1_planner_spec" name="test_duplicate_packet_id_rejected" time="0.000" /><testcase classname=".scratch.corpus-evidence-pipeline.test_p1_planner_spec" name="test_document_instruction_remains_plain_content" time="0.000" /><testcase classname=".scratch.corpus-evidence-pipeline.test_p1_planner_spec" name="test_cannot_turn_planner_into_success_certificate[calls_authorized-1]" time="0.001" /><testcase classname=".scratch.corpus-evidence-pipeline.test_p1_planner_spec" name="test_cannot_turn_planner_into_success_certificate[semantic_coverage-passed]" time="0.000" /><testcase classname=".scratch.corpus-evidence-pipeline.test_p1_planner_spec" name="test_cannot_turn_planner_into_success_certificate[unresolved_count-0]" time="0.000" /><testcase classname=".scratch.corpus-evidence-pipeline.test_p1_planner_spec" name="test_cannot_turn_planner_into_success_certificate[relation_status-passed]" time="0.000" /><testcase classname=".scratch.corpus-evidence-pipeline.test_p1_planner_spec" name="test_rehashed_smaller_scope_or_larger_limit_cannot_replace_frozen_plan" time="0.001" /></testsuite></testsuites>