<?xml version="1.0" encoding="utf-8"?><testsuites name="pytest tests"><testsuite name="pytest" errors="0" failures="0" skipped="0" tests="72" time="0.354" timestamp="2026-09-14T13:05:12.160789+08:00" hostname="DESKTOP-FCRK3F2"><testcase classname=".scratch.corpus-evidence-pipeline.test_r2_evaluation_v1" name="test_positive_control_has_real_denominators_and_no_budget" time="0.003" /><testcase classname=".scratch.corpus-evidence-pipeline.test_r2_evaluation_v1" name="test_rehashed_output_cannot_reuse_old_review[fabrication]" time="0.003" /><testcase classname=".scratch.corpus-evidence-pipeline.test_r2_evaluation_v1" name="test_rehashed_output_cannot_reuse_old_review[negation]" time="0.003" /><testcase classname=".scratch.corpus-evidence-pipeline.test_r2_evaluation_v1" name="test_rehashed_output_cannot_reuse_old_review[condition]" time="0.002" /><testcase classname=".scratch.corpus-evidence-pipeline.test_r2_evaluation_v1" name="test_rehashed_output_cannot_reuse_old_review[scope]" time="0.002" /><testcase classname=".scratch.corpus-evidence-pipeline.test_r2_evaluation_v1" name="test_rehashed_output_cannot_reuse_old_review[constraints]" time="0.003" /><testcase classname=".scratch.corpus-evidence-pipeline.test_r2_evaluation_v1" name="test_rehashed_output_cannot_reuse_old_review[intent]" time="0.002" /><testcase classname=".scratch.corpus-evidence-pipeline.test_r2_evaluation_v1" name="test_rehashed_output_cannot_reuse_old_review[speaker]" time="0.003" /><testcase classname=".scratch.corpus-evidence-pipeline.test_r2_evaluation_v1" name="test_rehashed_output_cannot_reuse_old_review[unknown]" time="0.003" /><testcase classname=".scratch.corpus-evidence-pipeline.test_r2_evaluation_v1" name="test_rehashed_output_cannot_reuse_old_review[number]" time="0.002" /><testcase classname=".scratch.corpus-evidence-pipeline.test_r2_evaluation_v1" name="test_rehashed_output_cannot_reuse_old_review[origin]" time="0.013" /><testcase classname=".scratch.corpus-evidence-pipeline.test_r2_evaluation_v1" name="test_rehashed_output_cannot_reuse_old_review[time]" time="0.003" /><testcase classname=".scratch.corpus-evidence-pipeline.test_r2_evaluation_v1" name="test_explicit_adverse_semantic_judgments_block[changes0]" time="0.003" /><testcase classname=".scratch.corpus-evidence-pipeline.test_r2_evaluation_v1" name="test_explicit_adverse_semantic_judgments_block[changes1]" time="0.003" /><testcase classname=".scratch.corpus-evidence-pipeline.test_r2_evaluation_v1" name="test_explicit_adverse_semantic_judgments_block[changes2]" time="0.003" /><testcase classname=".scratch.corpus-evidence-pipeline.test_r2_evaluation_v1" name="test_explicit_adverse_semantic_judgments_block[changes3]" time="0.003" /><testcase classname=".scratch.corpus-evidence-pipeline.test_r2_evaluation_v1" name="test_explicit_adverse_semantic_judgments_block[changes4]" time="0.005" /><testcase classname=".scratch.corpus-evidence-pipeline.test_r2_evaluation_v1" name="test_explicit_adverse_semantic_judgments_block[changes5]" time="0.003" /><testcase classname=".scratch.corpus-evidence-pipeline.test_r2_evaluation_v1" name="test_error_count_uses_max_not_min" time="0.003" /><testcase classname=".scratch.corpus-evidence-pipeline.test_r2_evaluation_v1" name="test_terminal_count_is_not_content_completion[unresolved]" time="0.003" /><testcase classname=".scratch.corpus-evidence-pipeline.test_r2_evaluation_v1" name="test_terminal_count_is_not_content_completion[failed]" time="0.003" /><testcase classname=".scratch.corpus-evidence-pipeline.test_r2_evaluation_v1" name="test_terminal_count_is_not_content_completion[deferred]" time="0.003" /><testcase classname=".scratch.corpus-evidence-pipeline.test_r2_evaluation_v1" name="test_terminal_count_is_not_content_completion[no_supported_item]" time="0.003" /><testcase classname=".scratch.corpus-evidence-pipeline.test_r2_evaluation_v1" name="test_protocol_mutations[duplicate]" time="0.002" /><testcase classname=".scratch.corpus-evidence-pipeline.test_r2_evaluation_v1" name="test_protocol_mutations[missing]" time="0.002" /><testcase classname=".scratch.corpus-evidence-pipeline.test_r2_evaluation_v1" name="test_protocol_mutations[unknown_id]" time="0.003" /><testcase classname=".scratch.corpus-evidence-pipeline.test_r2_evaluation_v1" name="test_protocol_mutations[truncation]" time="0.003" /><testcase classname=".scratch.corpus-evidence-pipeline.test_r2_evaluation_v1" name="test_protocol_mutations[lost_response]" time="0.003" /><testcase classname=".scratch.corpus-evidence-pipeline.test_r2_evaluation_v1" name="test_protocol_mutations[audit]" time="0.002" /><testcase classname=".scratch.corpus-evidence-pipeline.test_r2_evaluation_v1" name="test_protocol_mutations[item_with_no_supported]" time="0.003" /><testcase classname=".scratch.corpus-evidence-pipeline.test_r2_evaluation_v1" name="test_protocol_mutations[duplicate_item_id]" time="0.003" /><testcase classname=".scratch.corpus-evidence-pipeline.test_r2_evaluation_v1" name="test_binding_mutations[source_sha256-wrong]" time="0.001" /><testcase classname=".scratch.corpus-evidence-pipeline.test_r2_evaluation_v1" name="test_binding_mutations[plan_id-wrong]" time="0.001" /><testcase classname=".scratch.corpus-evidence-pipeline.test_r2_evaluation_v1" name="test_binding_mutations[result_sha256-wrong]" time="0.002" /><testcase classname=".scratch.corpus-evidence-pipeline.test_r2_evaluation_v1" name="test_binding_mutations[gold_sha256-wrong]" time="0.002" /><testcase classname=".scratch.corpus-evidence-pipeline.test_r2_evaluation_v1" name="test_binding_mutations[reviews_sha256-wrong]" time="0.002" /><testcase classname=".scratch.corpus-evidence-pipeline.test_r2_evaluation_v1" name="test_binding_mutations[contract_sha256-wrong]" time="0.001" /><testcase classname=".scratch.corpus-evidence-pipeline.test_r2_evaluation_v1" name="test_binding_mutations[policy_sha256-wrong]" time="0.001" /><testcase classname=".scratch.corpus-evidence-pipeline.test_r2_evaluation_v1" name="test_fields_and_evidence_checked_without_trusting_review[wrong_evidence]" time="0.003" /><testcase classname=".scratch.corpus-evidence-pipeline.test_r2_evaluation_v1" name="test_fields_and_evidence_checked_without_trusting_review[sibling_evidence]" time="0.003" /><testcase classname=".scratch.corpus-evidence-pipeline.test_r2_evaluation_v1" name="test_fields_and_evidence_checked_without_trusting_review[field_evidence]" time="0.003" /><testcase classname=".scratch.corpus-evidence-pipeline.test_r2_evaluation_v1" name="test_fields_and_evidence_checked_without_trusting_review[unknown_contradiction]" time="0.003" /><testcase classname=".scratch.corpus-evidence-pipeline.test_r2_evaluation_v1" name="test_fields_and_evidence_checked_without_trusting_review[label_origin]" time="0.003" /><testcase classname=".scratch.corpus-evidence-pipeline.test_r2_evaluation_v1" name="test_fields_and_evidence_checked_without_trusting_review[numeric]" time="0.003" /><testcase classname=".scratch.corpus-evidence-pipeline.test_r2_evaluation_v1" name="test_fields_and_evidence_checked_without_trusting_review[transform]" time="0.003" /><testcase classname=".scratch.corpus-evidence-pipeline.test_r2_evaluation_v1" name="test_semantic_recall_denominator_includes_missed_targets" time="0.002" /><testcase classname=".scratch.corpus-evidence-pipeline.test_r2_evaluation_v1" name="test_wrong_semantic_label_has_both_false_positive_and_false_negative" time="0.003" /><testcase classname=".scratch.corpus-evidence-pipeline.test_r2_evaluation_v1" name="test_untrusted_or_proposed_review_never_approves[agent_proposal-approved-synthetic]" time="0.003" /><testcase classname=".scratch.corpus-evidence-pipeline.test_r2_evaluation_v1" name="test_untrusted_or_proposed_review_never_approves[agent_proposal-proposed-development]" time="0.003" /><testcase classname=".scratch.corpus-evidence-pipeline.test_r2_evaluation_v1" name="test_untrusted_or_proposed_review_never_approves[synthetic_fixture-approved-development]" time="0.003" /><testcase classname=".scratch.corpus-evidence-pipeline.test_r2_evaluation_v1" name="test_untrusted_or_proposed_review_never_approves[human-approved-development]" time="0.003" /><testcase classname=".scratch.corpus-evidence-pipeline.test_r2_evaluation_v1" name="test_untrusted_or_proposed_review_never_approves[human-proposed-development]" time="0.003" /><testcase classname=".scratch.corpus-evidence-pipeline.test_r2_evaluation_v1" name="test_human_allowlist_path_on_synthetic_data_only" time="0.002" /><testcase classname=".scratch.corpus-evidence-pipeline.test_r2_evaluation_v1" name="test_unapproved_atomic_denominator_blocks" time="0.002" /><testcase classname=".scratch.corpus-evidence-pipeline.test_r2_evaluation_v1" name="test_duplicate_mapping_cannot_inflate_recall" time="0.003" /><testcase classname=".scratch.corpus-evidence-pipeline.test_r2_evaluation_v1" name="test_unknown_terminal_is_schema_error[partial]" time="0.002" /><testcase classname=".scratch.corpus-evidence-pipeline.test_r2_evaluation_v1" name="test_unknown_terminal_is_schema_error[COMPLETED]" time="0.002" /><testcase classname=".scratch.corpus-evidence-pipeline.test_r2_evaluation_v1" name="test_unknown_terminal_is_schema_error[invented]" time="0.002" /><testcase classname=".scratch.corpus-evidence-pipeline.test_r2_evaluation_v1" name="test_zero_denominator_not_success" time="0.000" /><testcase classname=".scratch.corpus-evidence-pipeline.test_r2_evaluation_v1" name="test_invalid_metric_fails_closed[args0]" time="0.000" /><testcase classname=".scratch.corpus-evidence-pipeline.test_r2_evaluation_v1" name="test_invalid_metric_fails_closed[args1]" time="0.000" /><testcase classname=".scratch.corpus-evidence-pipeline.test_r2_evaluation_v1" name="test_invalid_metric_fails_closed[args2]" time="0.000" /><testcase classname=".scratch.corpus-evidence-pipeline.test_r2_evaluation_v1" name="test_invalid_metric_fails_closed[args3]" time="0.000" /><testcase classname=".scratch.corpus-evidence-pipeline.test_r2_evaluation_v1" name="test_invalid_metric_fails_closed[args4]" time="0.000" /><testcase classname=".scratch.corpus-evidence-pipeline.test_r2_evaluation_v1" name="test_invalid_records_remain_in_semantic_precision_denominator" time="0.003" /><testcase classname=".scratch.corpus-evidence-pipeline.test_r2_evaluation_v1" name="test_runtime_policy_mutation_cannot_be_rehashed_into_acceptance" time="0.001" /><testcase classname=".scratch.corpus-evidence-pipeline.test_r2_evaluation_v1" name="test_schema_error_does_not_leak_private_payload" time="0.002" /><testcase classname=".scratch.corpus-evidence-pipeline.test_r2_evaluation_v1" name="test_literal_numeric_positive_and_substring_negative" time="0.005" /><testcase classname=".scratch.corpus-evidence-pipeline.test_r2_evaluation_v1" name="test_evaluation_has_no_implicit_io" time="0.002" /><testcase classname=".scratch.corpus-evidence-pipeline.test_r2_evaluation_v1" name="test_duplicate_quote_in_same_packet_is_legal_at_fixed_coordinates" time="0.002" /><testcase classname=".scratch.corpus-evidence-pipeline.test_r2_evaluation_v1" name="test_all_rejections_cannot_hide_positive_targets" time="0.002" /><testcase classname=".scratch.corpus-evidence-pipeline.test_r2_evaluation_v1" name="test_empty_output_cannot_pass_with_empty_precision_denominator" time="0.002" /></testsuite></testsuites>